<?xml version="1.0" encoding="UTF-8" ?>
<testsuite tests="0" failures="0" name="pracownia.introduction.MainTest" time="0" errors="0" skipped="0">
  <properties>
    <property name="java.runtime.name" value="OpenJDK Runtime Environment"/>
    <property name="java.vm.version" value="11.0.4+10-b304.69"/>
    <property name="sun.boot.library.path" value="C:\software\intellij_idea\jbr\bin"/>
    <property name="user.country.format" value="PL"/>
    <property name="maven.multiModuleProjectDirectory" value="J:\Desktop\PRA2018-2019"/>
    <property name="java.vm.vendor" value="JetBrains s.r.o"/>
    <property name="java.vendor.url" value="https://www.jetbrains.com/"/>
    <property name="guice.disable.misplaced.annotation.check" value="true"/>
    <property name="path.separator" value=";"/>
    <property name="java.vm.name" value="OpenJDK 64-Bit Server VM"/>
    <property name="sun.os.patch.level" value=""/>
    <property name="user.script" value=""/>
    <property name="user.country" value="US"/>
    <property name="sun.java.launcher" value="SUN_STANDARD"/>
    <property name="java.vm.specification.name" value="Java Virtual Machine Specification"/>
    <property name="user.dir" value="J:\Desktop\PRA2018-2019"/>
    <property name="java.vm.compressedOopsMode" value="Zero based"/>
    <property name="java.runtime.version" value="11.0.4+10-b304.69"/>
    <property name="java.awt.graphicsenv" value="sun.awt.Win32GraphicsEnvironment"/>
    <property name="os.arch" value="amd64"/>
    <property name="java.io.tmpdir" value="C:\Users\s439433\AppData\Local\Temp\"/>
    <property name="line.separator" value="
"/>
    <property name="java.vm.specification.vendor" value="Oracle Corporation"/>
    <property name="user.variant" value=""/>
    <property name="os.name" value="Windows 10"/>
    <property name="maven.ext.class.path" value="C:\software\intellij_idea\plugins\maven\lib\maven-event-listener.jar"/>
    <property name="classworlds.conf" value="C:\software\intellij_idea\plugins\maven\lib\maven3\bin\m2.conf"/>
    <property name="sun.jnu.encoding" value="Cp1250"/>
    <property name="java.library.path" value="C:\software\intellij_idea\jbr\bin;C:\Windows\Sun\Java\bin;C:\Windows\system32;C:\Windows;c:\software\ruby\bin;c:\software\python3\Scripts;c:\software\python3;c:\windows\bin\sysinternals;c:\windows\bin;c:\software\openssl\bin;c:\software\putty;C:\Program Files\7-Zip;C:\Program Files\Haskell\bin;c:\software\haskell\lib\extralibs\bin;c:\software\haskell\bin;c:\software\tdm_gcc\bin;c:\software\julia\bin;c:\software\gnuplot\bin;c:\software\imagemagick;c:\software\gs\bin;C:\Windows\system32;C:\Windows;C:\Windows\System32\Wbem;C:\Windows\System32\WindowsPowerShell\v1.0\;C:\Windows\System32\OpenSSH\;c:\software\jdk\bin;c:\software\jre\bin;c:\software\jdk32\bin;C:\Program Files (x86)\google\chrome\application;c:\software\thunderbird;c:\software\firefox;C:\software\scala\bin;c:\software\gsview\gsview;c:\software\rabbitmq\sbin;c:\software\cmake\bin;c:\software\ant\bin;c:\software\maven\bin;c:\software\gradle\bin;c:\software\orca;c:\software\emacs\bin;c:\software\gp;c:\software\fpc\bin\i386-Win32;c:\software\gpg\..\GnuPG\bin;c:\software\gpg;C:\Program Files\dotnet\;c:\software\vim;c:\software\llvm\bin;c:\software\qt\5.12.1\mingw73_64\bin;%DDCPATH64%;c:\software\opencv\x86\vc14\bin;c:\software\opencv\x86\vc15\bin;C:\Program Files\Microsoft SQL Server\Client SDK\ODBC\130\Tools\Binn\;C:\Program Files\Microsoft SQL Server\130\DTS\Binn\;C:\Program Files (x86)\Microsoft SQL Server\130\Tools\Binn\;C:\Program Files\Calibre2\;C:\Program Files\TortoiseGit\bin;C:\software\hg\;c:\software\hg\lib;C:\software\latex\bin\win32;C:\Program Files (x86)\Windows Live\Shared;C:\Program Files\Microsoft SQL Server\130\Tools\Binn\;c:\software\ows;C:\Program Files (x86)\Microsoft SQL Server\150\DTS\Binn\;c:\software\android_sdk\tools;c:\software\android_sdk\platform-tools;C:\software\brackets\command;c:\software\python;c:\software\notepad++;c:\software\adobe\reader\reader;C:\software\nodejs\;c:\software\git\cmd;c:\software\php;."/>
    <property name="maven.conf" value="C:\software\intellij_idea\plugins\maven\lib\maven3/conf"/>
    <property name="jdk.debug" value="release"/>
    <property name="java.class.version" value="55.0"/>
    <property name="java.specification.name" value="Java Platform API Specification"/>
    <property name="sun.management.compiler" value="HotSpot 64-Bit Tiered Compilers"/>
    <property name="os.version" value="10.0"/>
    <property name="user.home" value="J:\"/>
    <property name="user.timezone" value="Europe/Belgrade"/>
    <property name="java.awt.printerjob" value="sun.awt.windows.WPrinterJob"/>
    <property name="file.encoding" value="UTF-8"/>
    <property name="java.specification.version" value="11"/>
    <property name="user.name" value="s439433"/>
    <property name="idea.version2019.2.3" value="true"/>
    <property name="java.class.path" value="C:\software\intellij_idea\plugins\maven\lib\maven3\boot\plexus-classworlds-2.6.0.jar"/>
    <property name="java.vm.specification.version" value="11"/>
    <property name="sun.arch.data.model" value="64"/>
    <property name="sun.java.command" value="org.codehaus.classworlds.Launcher -Didea.version2019.2.3 install"/>
    <property name="java.home" value="C:\software\intellij_idea\jbr"/>
    <property name="user.language" value="en"/>
    <property name="java.specification.vendor" value="Oracle Corporation"/>
    <property name="user.language.format" value="pl"/>
    <property name="awt.toolkit" value="sun.awt.windows.WToolkit"/>
    <property name="java.vm.info" value="mixed mode"/>
    <property name="java.version" value="11.0.4"/>
    <property name="java.vendor" value="JetBrains s.r.o"/>
    <property name="maven.home" value="C:\software\intellij_idea\plugins\maven\lib\maven3"/>
    <property name="file.separator" value="\"/>
    <property name="java.version.date" value="2019-07-16"/>
    <property name="java.vendor.url.bug" value="https://youtrack.jetbrains.com"/>
    <property name="sun.io.unicode.encoding" value="UnicodeLittle"/>
    <property name="sun.cpu.endian" value="little"/>
    <property name="sun.desktop" value="windows"/>
    <property name="sun.cpu.isalist" value="amd64"/>
  </properties>
</testsuite>